[
  {
    "line": 1,
    "elements": [
      {
        "before": [
          {
            "result": {
              "duration": 5996300,
              "status": "passed"
            },
            "match": {
              "location": "LoginStepdefinition.BeforeHooks(Scenario)"
            }
          }
        ],
        "line": 29,
        "name": "User Want to login the application",
        "description": "",
        "id": "hotel-booking-functionality;user-want-to-login-the-application;;2",
        "after": [
          {
            "result": {
              "duration": 139600,
              "status": "passed"
            },
            "match": {
              "location": "LoginStepdefinition.AfterHooks(Scenario)"
            }
          }
        ],
        "type": "scenario",
        "keyword": "Scenario Outline",
        "steps": [
          {
            "result": {
              "duration": 2169135300,
              "status": "passed"
            },
            "line": 22,
            "name": "User launch the adactin application",
            "match": {
              "location": "LoginStepdefinition.user_launch_the_adactin_application()"
            },
            "keyword": "Given "
          },
          {
            "result": {
              "duration": 143417000,
              "status": "passed"
            },
            "line": 23,
            "name": "user enter \"SowmiyaSri\" the valid username",
            "match": {
              "arguments": [
                {
                  "val": "SowmiyaSri",
                  "offset": 12
                }
              ],
              "location": "LoginStepdefinition.user_enter_the_valid_username(String)"
            },
            "matchedColumns": [
              0
            ],
            "keyword": "When "
          },
          {
            "result": {
              "duration": 73982400,
              "status": "passed"
            },
            "line": 24,
            "name": "user enter \"Sowmiya05\" the valid password",
            "match": {
              "arguments": [
                {
                  "val": "Sowmiya05",
                  "offset": 12
                }
              ],
              "location": "LoginStepdefinition.user_enter_the_valid_password(String)"
            },
            "matchedColumns": [
              1
            ],
            "keyword": "And "
          },
          {
            "result": {
              "duration": 581516800,
              "status": "passed"
            },
            "line": 25,
            "name": "User click login button",
            "match": {
              "location": "LoginStepdefinition.user_click_login_button()"
            },
            "keyword": "And "
          },
          {
            "result": {
              "duration": 24000,
              "status": "passed"
            },
            "line": 26,
            "name": "user validate the username and password",
            "match": {
              "location": "LoginStepdefinition.user_validate_the_username_and_password()"
            },
            "keyword": "Then "
          }
        ],
        "tags": [
          {
            "line": 20,
            "name": "@arun"
          }
        ]
      },
      {
        "before": [
          {
            "result": {
              "duration": 122000,
              "status": "passed"
            },
            "match": {
              "location": "LoginStepdefinition.BeforeHooks(Scenario)"
            }
          }
        ],
        "line": 31,
        "name": "User want to search Hotel",
        "description": "",
        "id": "hotel-booking-functionality;user-want-to-search-hotel",
        "after": [
          {
            "result": {
              "duration": 304304000,
              "status": "passed"
            },
            "match": {
              "location": "LoginStepdefinition.AfterHooks(Scenario)"
            }
          }
        ],
        "type": "scenario",
        "keyword": "Scenario",
        "steps": [
          {
            "result": {
              "duration": 127796300,
              "status": "passed"
            },
            "line": 32,
            "name": "User want to select location",
            "match": {
              "location": "SearchHotelStepDefinition.user_want_to_select_location()"
            },
            "keyword": "When "
          },
          {
            "result": {
              "duration": 103436600,
              "status": "passed"
            },
            "line": 33,
            "name": "User want to select Hotel",
            "match": {
              "location": "SearchHotelStepDefinition.user_want_to_select_Hotel()"
            },
            "keyword": "And "
          },
          {
            "result": {
              "duration": 10074930800,
              "error_message": "org.openqa.selenium.NoSuchElementException: Cannot locate element with text: double\nFor documentation on this error, please visit: https://www.seleniumhq.org/exceptions/no_such_element.html\nBuild info: version: \u00273.141.59\u0027, revision: \u0027e82be7d358\u0027, time: \u00272018-11-14T08:17:03\u0027\nSystem info: host: \u0027BAP\u0027, ip: \u0027192.168.0.104\u0027, os.name: \u0027Windows 10\u0027, os.arch: \u0027amd64\u0027, os.version: \u002710.0\u0027, java.version: \u002715.0.2\u0027\nDriver info: driver.version: unknown\r\n\tat org.openqa.selenium.support.ui.Select.selectByVisibleText(Select.java:147)\r\n\tat com.adactin.BASE.Base_Class.dropdown(Base_Class.java:68)\r\n\tat com.adactin.stepdefinition.SearchHotelStepDefinition.user_want_to_select_RoomType(SearchHotelStepDefinition.java:31)\r\n\tat ✽.And User want to select RoomType(src/test/java/com/adactin/feature/Adactin.feature:34)\r\n",
              "status": "failed"
            },
            "line": 34,
            "name": "User want to select RoomType",
            "match": {
              "location": "SearchHotelStepDefinition.user_want_to_select_RoomType()"
            },
            "keyword": "And "
          },
          {
            "result": {
              "status": "skipped"
            },
            "line": 35,
            "name": "User want to select number of rooms",
            "match": {
              "location": "SearchHotelStepDefinition.user_want_to_select_number_of_rooms()"
            },
            "keyword": "And "
          },
          {
            "result": {
              "status": "skipped"
            },
            "line": 36,
            "name": "User want to select CheckIn date",
            "match": {
              "location": "SearchHotelStepDefinition.user_want_to_select_CheckIn_date()"
            },
            "keyword": "And "
          },
          {
            "result": {
              "status": "skipped"
            },
            "line": 37,
            "name": "User want to select CheckOut date",
            "match": {
              "location": "SearchHotelStepDefinition.user_want_to_select_CheckOut_date()"
            },
            "keyword": "And "
          },
          {
            "result": {
              "status": "skipped"
            },
            "line": 38,
            "name": "User want to select Adult per Room",
            "match": {
              "location": "SearchHotelStepDefinition.user_want_to_select_Adult_per_Room()"
            },
            "keyword": "And "
          },
          {
            "result": {
              "status": "skipped"
            },
            "line": 39,
            "name": "User want to select Children per Room",
            "match": {
              "location": "SearchHotelStepDefinition.user_want_to_select_Children_per_Room()"
            },
            "keyword": "And "
          },
          {
            "result": {
              "status": "skipped"
            },
            "line": 40,
            "name": "user click Search button",
            "match": {
              "location": "SearchHotelStepDefinition.user_click_Search_button()"
            },
            "keyword": "And "
          },
          {
            "result": {
              "status": "skipped"
            },
            "line": 41,
            "name": "User validate the search",
            "match": {
              "location": "SearchHotelStepDefinition.user_validate_the_search()"
            },
            "keyword": "Then "
          }
        ]
      },
      {
        "before": [
          {
            "result": {
              "duration": 95200,
              "status": "passed"
            },
            "match": {
              "location": "LoginStepdefinition.BeforeHooks(Scenario)"
            }
          }
        ],
        "line": 43,
        "name": "User to check the Hotel Detail",
        "description": "",
        "id": "hotel-booking-functionality;user-to-check-the-hotel-detail",
        "after": [
          {
            "result": {
              "duration": 281542700,
              "status": "passed"
            },
            "match": {
              "location": "LoginStepdefinition.AfterHooks(Scenario)"
            }
          }
        ],
        "type": "scenario",
        "keyword": "Scenario",
        "steps": [
          {
            "result": {
              "duration": 10065445700,
              "error_message": "org.openqa.selenium.NoSuchElementException: no such element: Unable to locate element: {\"method\":\"css selector\",\"selector\":\"*[name\u003d\u0027radiobutton_0\u0027]\"}\n  (Session info: chrome\u003d91.0.4472.124)\nFor documentation on this error, please visit: https://www.seleniumhq.org/exceptions/no_such_element.html\nBuild info: version: \u00273.141.59\u0027, revision: \u0027e82be7d358\u0027, time: \u00272018-11-14T08:17:03\u0027\nSystem info: host: \u0027BAP\u0027, ip: \u0027192.168.0.104\u0027, os.name: \u0027Windows 10\u0027, os.arch: \u0027amd64\u0027, os.version: \u002710.0\u0027, java.version: \u002715.0.2\u0027\nDriver info: org.openqa.selenium.chrome.ChromeDriver\nCapabilities {acceptInsecureCerts: false, browserName: chrome, browserVersion: 91.0.4472.124, chrome: {chromedriverVersion: 90.0.4430.24 (4c6d850f087da..., userDataDir: C:\\Users\\MADHAN~1\\AppData\\L...}, goog:chromeOptions: {debuggerAddress: localhost:51250}, javascriptEnabled: true, networkConnectionEnabled: false, pageLoadStrategy: normal, platform: WINDOWS, platformName: WINDOWS, proxy: Proxy(), setWindowRect: true, strictFileInteractability: false, timeouts: {implicit: 0, pageLoad: 300000, script: 30000}, unhandledPromptBehavior: dismiss and notify, webauthn:extension:largeBlob: true, webauthn:virtualAuthenticators: true}\nSession ID: 827c22746878c3eafe9e39f8ad82cee4\n*** Element info: {Using\u003dname, value\u003dradiobutton_0}\r\n\tat java.base/jdk.internal.reflect.NativeConstructorAccessorImpl.newInstance0(Native Method)\r\n\tat java.base/jdk.internal.reflect.NativeConstructorAccessorImpl.newInstance(NativeConstructorAccessorImpl.java:64)\r\n\tat java.base/jdk.internal.reflect.DelegatingConstructorAccessorImpl.newInstance(DelegatingConstructorAccessorImpl.java:45)\r\n\tat java.base/java.lang.reflect.Constructor.newInstanceWithCaller(Constructor.java:500)\r\n\tat java.base/java.lang.reflect.Constructor.newInstance(Constructor.java:481)\r\n\tat org.openqa.selenium.remote.http.W3CHttpResponseCodec.createException(W3CHttpResponseCodec.java:187)\r\n\tat org.openqa.selenium.remote.http.W3CHttpResponseCodec.decode(W3CHttpResponseCodec.java:122)\r\n\tat org.openqa.selenium.remote.http.W3CHttpResponseCodec.decode(W3CHttpResponseCodec.java:49)\r\n\tat org.openqa.selenium.remote.HttpCommandExecutor.execute(HttpCommandExecutor.java:158)\r\n\tat org.openqa.selenium.remote.service.DriverCommandExecutor.execute(DriverCommandExecutor.java:83)\r\n\tat org.openqa.selenium.remote.RemoteWebDriver.execute(RemoteWebDriver.java:552)\r\n\tat org.openqa.selenium.remote.RemoteWebDriver.findElement(RemoteWebDriver.java:323)\r\n\tat org.openqa.selenium.remote.RemoteWebDriver.findElementByName(RemoteWebDriver.java:404)\r\n\tat org.openqa.selenium.By$ByName.findElement(By.java:284)\r\n\tat org.openqa.selenium.remote.RemoteWebDriver.findElement(RemoteWebDriver.java:315)\r\n\tat org.openqa.selenium.support.pagefactory.DefaultElementLocator.findElement(DefaultElementLocator.java:69)\r\n\tat org.openqa.selenium.support.pagefactory.internal.LocatingElementHandler.invoke(LocatingElementHandler.java:38)\r\n\tat com.sun.proxy.$Proxy21.click(Unknown Source)\r\n\tat com.adactin.BASE.Base_Class.clickonelement(Base_Class.java:49)\r\n\tat com.adactin.stepdefinition.Select_Hotel_StepDefinition.user_want_to_conform_detail(Select_Hotel_StepDefinition.java:21)\r\n\tat ✽.When User want to conform  detail(src/test/java/com/adactin/feature/Adactin.feature:44)\r\n",
              "status": "failed"
            },
            "line": 44,
            "name": "User want to conform  detail",
            "match": {
              "location": "Select_Hotel_StepDefinition.user_want_to_conform_detail()"
            },
            "keyword": "When "
          },
          {
            "result": {
              "status": "skipped"
            },
            "line": 45,
            "name": "User click to continue Button",
            "match": {
              "location": "Select_Hotel_StepDefinition.user_click_to_continue_Button()"
            },
            "keyword": "And "
          },
          {
            "result": {
              "status": "skipped"
            },
            "line": 46,
            "name": "User validate the continue",
            "match": {
              "location": "Select_Hotel_StepDefinition.user_validate_the_continue()"
            },
            "keyword": "Then "
          }
        ]
      },
      {
        "before": [
          {
            "result": {
              "duration": 71500,
              "status": "passed"
            },
            "match": {
              "location": "LoginStepdefinition.BeforeHooks(Scenario)"
            }
          }
        ],
        "line": 49,
        "name": "User want ot Book A Hotel",
        "description": "",
        "id": "hotel-booking-functionality;user-want-ot-book-a-hotel",
        "after": [
          {
            "result": {
              "duration": 403876800,
              "status": "passed"
            },
            "match": {
              "location": "LoginStepdefinition.AfterHooks(Scenario)"
            }
          }
        ],
        "type": "scenario",
        "keyword": "Scenario",
        "steps": [
          {
            "result": {
              "duration": 10067609900,
              "error_message": "org.openqa.selenium.NoSuchElementException: no such element: Unable to locate element: {\"method\":\"css selector\",\"selector\":\"*[name\u003d\u0027first_name\u0027]\"}\n  (Session info: chrome\u003d91.0.4472.124)\nFor documentation on this error, please visit: https://www.seleniumhq.org/exceptions/no_such_element.html\nBuild info: version: \u00273.141.59\u0027, revision: \u0027e82be7d358\u0027, time: \u00272018-11-14T08:17:03\u0027\nSystem info: host: \u0027BAP\u0027, ip: \u0027192.168.0.104\u0027, os.name: \u0027Windows 10\u0027, os.arch: \u0027amd64\u0027, os.version: \u002710.0\u0027, java.version: \u002715.0.2\u0027\nDriver info: org.openqa.selenium.chrome.ChromeDriver\nCapabilities {acceptInsecureCerts: false, browserName: chrome, browserVersion: 91.0.4472.124, chrome: {chromedriverVersion: 90.0.4430.24 (4c6d850f087da..., userDataDir: C:\\Users\\MADHAN~1\\AppData\\L...}, goog:chromeOptions: {debuggerAddress: localhost:51250}, javascriptEnabled: true, networkConnectionEnabled: false, pageLoadStrategy: normal, platform: WINDOWS, platformName: WINDOWS, proxy: Proxy(), setWindowRect: true, strictFileInteractability: false, timeouts: {implicit: 0, pageLoad: 300000, script: 30000}, unhandledPromptBehavior: dismiss and notify, webauthn:extension:largeBlob: true, webauthn:virtualAuthenticators: true}\nSession ID: 827c22746878c3eafe9e39f8ad82cee4\n*** Element info: {Using\u003dname, value\u003dfirst_name}\r\n\tat java.base/jdk.internal.reflect.NativeConstructorAccessorImpl.newInstance0(Native Method)\r\n\tat java.base/jdk.internal.reflect.NativeConstructorAccessorImpl.newInstance(NativeConstructorAccessorImpl.java:64)\r\n\tat java.base/jdk.internal.reflect.DelegatingConstructorAccessorImpl.newInstance(DelegatingConstructorAccessorImpl.java:45)\r\n\tat java.base/java.lang.reflect.Constructor.newInstanceWithCaller(Constructor.java:500)\r\n\tat java.base/java.lang.reflect.Constructor.newInstance(Constructor.java:481)\r\n\tat org.openqa.selenium.remote.http.W3CHttpResponseCodec.createException(W3CHttpResponseCodec.java:187)\r\n\tat org.openqa.selenium.remote.http.W3CHttpResponseCodec.decode(W3CHttpResponseCodec.java:122)\r\n\tat org.openqa.selenium.remote.http.W3CHttpResponseCodec.decode(W3CHttpResponseCodec.java:49)\r\n\tat org.openqa.selenium.remote.HttpCommandExecutor.execute(HttpCommandExecutor.java:158)\r\n\tat org.openqa.selenium.remote.service.DriverCommandExecutor.execute(DriverCommandExecutor.java:83)\r\n\tat org.openqa.selenium.remote.RemoteWebDriver.execute(RemoteWebDriver.java:552)\r\n\tat org.openqa.selenium.remote.RemoteWebDriver.findElement(RemoteWebDriver.java:323)\r\n\tat org.openqa.selenium.remote.RemoteWebDriver.findElementByName(RemoteWebDriver.java:404)\r\n\tat org.openqa.selenium.By$ByName.findElement(By.java:284)\r\n\tat org.openqa.selenium.remote.RemoteWebDriver.findElement(RemoteWebDriver.java:315)\r\n\tat org.openqa.selenium.support.pagefactory.DefaultElementLocator.findElement(DefaultElementLocator.java:69)\r\n\tat org.openqa.selenium.support.pagefactory.internal.LocatingElementHandler.invoke(LocatingElementHandler.java:38)\r\n\tat com.sun.proxy.$Proxy21.sendKeys(Unknown Source)\r\n\tat com.adactin.BASE.Base_Class.inputofelement(Base_Class.java:44)\r\n\tat com.adactin.stepdefinition.BookPage_StepDefinition.user_enter_the_firstname(BookPage_StepDefinition.java:21)\r\n\tat ✽.When User enter the firstname(src/test/java/com/adactin/feature/Adactin.feature:50)\r\n",
              "status": "failed"
            },
            "line": 50,
            "name": "User enter the firstname",
            "match": {
              "location": "BookPage_StepDefinition.user_enter_the_firstname()"
            },
            "keyword": "When "
          },
          {
            "result": {
              "status": "skipped"
            },
            "line": 51,
            "name": "User enter the lastname",
            "match": {
              "location": "BookPage_StepDefinition.user_enter_the_lastname()"
            },
            "keyword": "And "
          },
          {
            "result": {
              "status": "skipped"
            },
            "line": 52,
            "name": "User enter the Billing_Address",
            "match": {
              "location": "BookPage_StepDefinition.user_enter_the_Billing_Address()"
            },
            "keyword": "And "
          },
          {
            "result": {
              "status": "skipped"
            },
            "line": 53,
            "name": "User enter the creditcard number",
            "match": {
              "location": "BookPage_StepDefinition.user_enter_the_creditcard_number()"
            },
            "keyword": "And "
          },
          {
            "result": {
              "status": "skipped"
            },
            "line": 54,
            "name": "User want to select Credit_card_Type",
            "match": {
              "location": "BookPage_StepDefinition.user_want_to_select_Credit_card_Type()"
            },
            "keyword": "And "
          },
          {
            "result": {
              "status": "skipped"
            },
            "line": 55,
            "name": "User want to select CC_Month and CC_Year",
            "match": {
              "location": "BookPage_StepDefinition.user_want_to_select_CC_Month_and_CC_Year()"
            },
            "keyword": "And "
          },
          {
            "result": {
              "status": "skipped"
            },
            "line": 56,
            "name": "User want to CVV Number",
            "match": {
              "location": "BookPage_StepDefinition.user_want_to_CVV_Number()"
            },
            "keyword": "And "
          },
          {
            "result": {
              "status": "skipped"
            },
            "line": 57,
            "name": "User click the BookNow Button",
            "match": {
              "location": "BookPage_StepDefinition.user_click_the_BookNow_Button()"
            },
            "keyword": "Then "
          }
        ]
      },
      {
        "before": [
          {
            "result": {
              "duration": 118000,
              "status": "passed"
            },
            "match": {
              "location": "LoginStepdefinition.BeforeHooks(Scenario)"
            }
          }
        ],
        "line": 59,
        "name": "User want to check Booked_Room",
        "description": "",
        "id": "hotel-booking-functionality;user-want-to-check-booked-room",
        "after": [
          {
            "result": {
              "duration": 356081700,
              "status": "passed"
            },
            "match": {
              "location": "LoginStepdefinition.AfterHooks(Scenario)"
            }
          }
        ],
        "type": "scenario",
        "keyword": "Scenario",
        "steps": [
          {
            "result": {
              "duration": 10062891400,
              "error_message": "org.openqa.selenium.NoSuchElementException: no such element: Unable to locate element: {\"method\":\"css selector\",\"selector\":\"*[name\u003d\u0027my_itinerary\u0027]\"}\n  (Session info: chrome\u003d91.0.4472.124)\nFor documentation on this error, please visit: https://www.seleniumhq.org/exceptions/no_such_element.html\nBuild info: version: \u00273.141.59\u0027, revision: \u0027e82be7d358\u0027, time: \u00272018-11-14T08:17:03\u0027\nSystem info: host: \u0027BAP\u0027, ip: \u0027192.168.0.104\u0027, os.name: \u0027Windows 10\u0027, os.arch: \u0027amd64\u0027, os.version: \u002710.0\u0027, java.version: \u002715.0.2\u0027\nDriver info: org.openqa.selenium.chrome.ChromeDriver\nCapabilities {acceptInsecureCerts: false, browserName: chrome, browserVersion: 91.0.4472.124, chrome: {chromedriverVersion: 90.0.4430.24 (4c6d850f087da..., userDataDir: C:\\Users\\MADHAN~1\\AppData\\L...}, goog:chromeOptions: {debuggerAddress: localhost:51250}, javascriptEnabled: true, networkConnectionEnabled: false, pageLoadStrategy: normal, platform: WINDOWS, platformName: WINDOWS, proxy: Proxy(), setWindowRect: true, strictFileInteractability: false, timeouts: {implicit: 0, pageLoad: 300000, script: 30000}, unhandledPromptBehavior: dismiss and notify, webauthn:extension:largeBlob: true, webauthn:virtualAuthenticators: true}\nSession ID: 827c22746878c3eafe9e39f8ad82cee4\n*** Element info: {Using\u003dname, value\u003dmy_itinerary}\r\n\tat java.base/jdk.internal.reflect.NativeConstructorAccessorImpl.newInstance0(Native Method)\r\n\tat java.base/jdk.internal.reflect.NativeConstructorAccessorImpl.newInstance(NativeConstructorAccessorImpl.java:64)\r\n\tat java.base/jdk.internal.reflect.DelegatingConstructorAccessorImpl.newInstance(DelegatingConstructorAccessorImpl.java:45)\r\n\tat java.base/java.lang.reflect.Constructor.newInstanceWithCaller(Constructor.java:500)\r\n\tat java.base/java.lang.reflect.Constructor.newInstance(Constructor.java:481)\r\n\tat org.openqa.selenium.remote.http.W3CHttpResponseCodec.createException(W3CHttpResponseCodec.java:187)\r\n\tat org.openqa.selenium.remote.http.W3CHttpResponseCodec.decode(W3CHttpResponseCodec.java:122)\r\n\tat org.openqa.selenium.remote.http.W3CHttpResponseCodec.decode(W3CHttpResponseCodec.java:49)\r\n\tat org.openqa.selenium.remote.HttpCommandExecutor.execute(HttpCommandExecutor.java:158)\r\n\tat org.openqa.selenium.remote.service.DriverCommandExecutor.execute(DriverCommandExecutor.java:83)\r\n\tat org.openqa.selenium.remote.RemoteWebDriver.execute(RemoteWebDriver.java:552)\r\n\tat org.openqa.selenium.remote.RemoteWebDriver.findElement(RemoteWebDriver.java:323)\r\n\tat org.openqa.selenium.remote.RemoteWebDriver.findElementByName(RemoteWebDriver.java:404)\r\n\tat org.openqa.selenium.By$ByName.findElement(By.java:284)\r\n\tat org.openqa.selenium.remote.RemoteWebDriver.findElement(RemoteWebDriver.java:315)\r\n\tat org.openqa.selenium.support.pagefactory.DefaultElementLocator.findElement(DefaultElementLocator.java:69)\r\n\tat org.openqa.selenium.support.pagefactory.internal.LocatingElementHandler.invoke(LocatingElementHandler.java:38)\r\n\tat com.sun.proxy.$Proxy21.click(Unknown Source)\r\n\tat com.adactin.BASE.Base_Class.clickonelement(Base_Class.java:49)\r\n\tat com.adactin.stepdefinition.Itinerary_StepDefinition.user_Want_to_check_the_Booked_Room(Itinerary_StepDefinition.java:22)\r\n\tat ✽.When User Want to check the Booked_Room(src/test/java/com/adactin/feature/Adactin.feature:60)\r\n",
              "status": "failed"
            },
            "line": 60,
            "name": "User Want to check the Booked_Room",
            "match": {
              "location": "Itinerary_StepDefinition.user_Want_to_check_the_Booked_Room()"
            },
            "keyword": "When "
          },
          {
            "result": {
              "status": "skipped"
            },
            "line": 61,
            "name": "User want to logout",
            "match": {
              "location": "Itinerary_StepDefinition.user_want_to_logout()"
            },
            "keyword": "Then "
          }
        ]
      }
    ],
    "name": "Hotel Booking Functionality",
    "description": "",
    "id": "hotel-booking-functionality",
    "keyword": "Feature",
    "uri": "src/test/java/com/adactin/feature/Adactin.feature"
  }
]